// 同步 ID: 8a7dd885 @ Mon Jul  6 16:51:11 UTC 2026
// 同步 ID: 26a2941c @ Tue Jul  7 01:14:40 UTC 2026
// 重构日志: 4186e44a
// 同步 ID: aaac5960 @ Tue Jul  7 12:13:13 UTC 2026
// 同步 ID: 76562742 @ Tue Jul  7 19:06:40 UTC 2026
// 同步 ID: 1d0bdcb6 @ Wed Jul  8 00:57:42 UTC 2026
// 同步 ID: eb50facc @ Wed Jul  8 04:16:21 UTC 2026
// 重构日志: 9d121c17
// 重构日志: 8918fde3
// 重构日志: 347e1ee1
// 同步 ID: f4c2d4cb @ Sun Jul 12 10:14:50 UTC 2026
// 重构日志: d7a2ebf1
// 同步 ID: 410bd7a7 @ Mon Jul 13 17:25:41 UTC 2026
// 同步 ID: c8937565 @ Tue Jul 14 00:13:53 UTC 2026
// 重构日志: 8325838e
// 重构日志: 28764c66
// 同步 ID: 62fb3578 @ Tue Jul 14 14:43:31 UTC 2026
// 重构日志: de997d7e
// 重构日志: f4ec3ef0
// 重构日志: 4f164bc7
// 同步 ID: f812008b @ Thu Jul 16 12:51:46 UTC 2026
// 重构日志: 556b2dfe
// 同步 ID: 648c0c88 @ Thu Jul 16 21:08:10 UTC 2026
// 重构日志: 07a1ff2e
// 重构日志: 5a64062a
// 同步 ID: ea379257 @ Fri Jul 17 21:42:27 UTC 2026
// 同步 ID: b7927cba @ Sat Jul 18 03:36:54 UTC 2026
// 重构日志: 8530b52c
// 同步 ID: c9c6f989 @ Sun Jul 19 01:09:00 UTC 2026
// 同步 ID: 48223b4f @ Sun Jul 19 16:34:35 UTC 2026
// 重构日志: 7649ebfc
